Wed Feb  2 13:58:30 CST 1994
QUOTE Installed 
Fri Mar 18 10:00:28 CST 1994
RELEASE 93-2 Installed 
Fri Mar 18 10:31:37 CST 1994
RELEASE 93-2U3 Installed
Wed May  4 14:34:07 CDT 1994
RELEASE 94-1 Installed 
Wed Sep  7 09:32:16 CDT 1994
RELEASE 94-2 Installed 
Thu Jan 26 11:24:11 CST 1995
Open Item Installed 
Mon Feb 20 12:33:00 CST 1995
MASTERS Updated 
Thu Jul  6 09:01:29 CDT 1995
RELEASE 95-1 Installed 
Fri Sep  8 09:53:43 CDT 1995
 HIGHSPEED MODEM Installed 
Thu Mar 28 11:14:07 CST 1996
RELEASE 96-1 Installed 
Fri May 24 20:17:28 CDT 1996
RELEASE 96-1 PROD updt #2 
Wed Jul 24 08:37:54 CDT 1996
RELEASE 96-2 SOFTWARE installed 
Wed Aug 14 09:20:21 CDT 1996
RELEASE 96-2 SOFTWARE updated -prod#1 
Thu Sep 19 09:15:27 CDT 1996
PATCH 0085 COMPLETE-NO ERRORS
Tue Nov 19 08:18:30 CST 1996
RELEASE 96-3 SOFTWARE installed 
Thu Feb 20 10:35:05 CST 1997
RELEASE 96-3 PROD update #1 
Fri Apr  4 10:38:06 CST 1997
RELEASE 96-3 prod update #2 
Thu Jun 19 10:03:15 CDT 1997
RELEASE 97-1 SOFTWARE installed 
Thu Jun 26 08:09:30 CDT 1997
PATCH 0099 COMPLETE-NO ERRORS
Tue Jul 29 10:46:14 CDT 1997
RELEASE 97-1 PROD SOFTWARE updated #2
Tue Jul 29 10:48:58 CDT 1997
PATCH 0103 COMPLETE-NO ERRORS
Tue Oct  7 08:28:11 CDT 1997
PATCH 0102 COMPLETE-NO ERRORS
Fri Nov 28 11:44:50 CST 1997
RELEASE 97-1 SOFTWARE updated #4
Fri Nov 28 11:47:04 CST 1997
PATCH 0106 COMPLETE-NO ERRORS
Fri Nov 28 16:51:17 CST 1997
RELEASE 97-2 SOFTWARE installed 
Thu Dec 18 11:05:08 CST 1997
PATCH 0108 COMPLETE-NO ERRORS
Wed Feb 18 09:06:20 CST 1998
PATCH 0113 COMPLETE-NO ERRORS
Thu Feb 26 09:15:21 CST 1998
PATCH 0114 COMPLETE-NO ERRORS
